0 info it worked if it ends with ok
1 verbose cli [ '/usr/local/bin/node', '/usr/local/bin/npm', 'run', 'test' ]
2 info using npm@3.4.0
3 info using node@v4.2.1
4 verbose run-script [ 'pretest', 'test', 'posttest' ]
5 info lifecycle generator-react-app@0.0.1~pretest: generator-react-app@0.0.1
6 silly lifecycle generator-react-app@0.0.1~pretest: no script for pretest, continuing
7 info lifecycle generator-react-app@0.0.1~test: generator-react-app@0.0.1
8 verbose lifecycle generator-react-app@0.0.1~test: unsafe-perm in lifecycle true
9 verbose lifecycle generator-react-app@0.0.1~test: PATH: /usr/local/lib/node_modules/npm/bin/node-gyp-bin:/Users/psinco/Sites/generator-react-app/node_modules/.bin:/Users/psinco/.rvm/gems/ruby-2.1.2/bin:/Users/psinco/.rvm/gems/ruby-2.1.2@global/bin:/Users/psinco/.rvm/rubies/ruby-2.1.2/bin:~/.composer/vendor/bin:vendor/bin:/Users/psinco:./vendor/bin:/Applications/MAMP/bin/php/php5.5.3/bin:/usr/local/mysql-5.6.12-osx10.7-x86_64/bin:/usr/local/bin:/usr/bin:/bin:/usr/sbin:/sbin:/opt/X11/bin:/Users/psinco/.rvm/bin
10 verbose lifecycle generator-react-app@0.0.1~test: CWD: /Users/psinco/Sites/generator-react-app
11 silly lifecycle generator-react-app@0.0.1~test: Args: [ '-c', './node_modules/mocha/bin/mocha spec' ]
12 silly lifecycle generator-react-app@0.0.1~test: Returned: code: 1  signal: null
13 info lifecycle generator-react-app@0.0.1~test: Failed to exec test script
14 verbose stack Error: generator-react-app@0.0.1 test: `./node_modules/mocha/bin/mocha spec`
14 verbose stack Exit status 1
14 verbose stack     at EventEmitter.<anonymous> (/usr/local/lib/node_modules/npm/lib/utils/lifecycle.js:232:16)
14 verbose stack     at emitTwo (events.js:87:13)
14 verbose stack     at EventEmitter.emit (events.js:172:7)
14 verbose stack     at ChildProcess.<anonymous> (/usr/local/lib/node_modules/npm/lib/utils/spawn.js:24:14)
14 verbose stack     at emitTwo (events.js:87:13)
14 verbose stack     at ChildProcess.emit (events.js:172:7)
14 verbose stack     at maybeClose (internal/child_process.js:818:16)
14 verbose stack     at Process.ChildProcess._handle.onexit (internal/child_process.js:211:5)
15 verbose pkgid generator-react-app@0.0.1
16 verbose cwd /Users/psinco/Sites/generator-react-app/spec
17 error Darwin 14.5.0
18 error argv "/usr/local/bin/node" "/usr/local/bin/npm" "run" "test"
19 error node v4.2.1
20 error npm  v3.4.0
21 error code ELIFECYCLE
22 error generator-react-app@0.0.1 test: `./node_modules/mocha/bin/mocha spec`
22 error Exit status 1
23 error Failed at the generator-react-app@0.0.1 test script './node_modules/mocha/bin/mocha spec'.
23 error Make sure you have the latest version of node.js and npm installed.
23 error If you do, this is most likely a problem with the generator-react-app package,
23 error not with npm itself.
23 error Tell the author that this fails on your system:
23 error     ./node_modules/mocha/bin/mocha spec
23 error You can get their info via:
23 error     npm owner ls generator-react-app
23 error There is likely additional logging output above.
24 verbose exit [ 1, true ]
